<?xml version="1.0" encoding="UTF-8" ?>
<testsuite tests="9" failures="2" name="edu.neu.coe.info6205.HuffmanCodingTest" time="0.332" errors="2" skipped="0">
  <properties>
[...]
</properties>
  <testcase classname="edu.neu.coe.info6205.HuffmanCodingTest" name="testEncode1" time="0.184">
    <error message="unknown symbol: null" type="java.lang.RuntimeException">java.lang.RuntimeException: unknown symbol: null
	at edu.neu.coe.info6205.HuffmanCoding$HuffmanEncoder.encode(HuffmanCoding.java:106)
	at edu.neu.coe.info6205.HuffmanCodingTest.testEncode1(HuffmanCodingTest.java:102)
	at java.base/jdk.internal.reflect.NativeMethodAccessorImpl.invoke0(Native Method)
	at java.base/jdk.internal.reflect.NativeMethodAccessorImpl.invoke(NativeMethodAccessorImpl.java:64)
	at java.base/jdk.internal.reflect.DelegatingMethodAccessorImpl.invoke(DelegatingMethodAccessorImpl.java:43)
	at java.base/java.lang.reflect.Method.invoke(Method.java:564)
	at org.junit.runners.model.FrameworkMethod$1.runReflectiveCall(FrameworkMethod.java:59)
	at org.junit.internal.runners.model.ReflectiveCallable.run(ReflectiveCallable.java:12)
	at org.junit.runners.model.FrameworkMethod.invokeExplosively(FrameworkMethod.java:56)
	at org.junit.internal.runners.statements.InvokeMethod.evaluate(InvokeMethod.java:17)
	at org.junit.runners.ParentRunner$3.evaluate(ParentRunner.java:306)
	at org.junit.runners.BlockJUnit4ClassRunner$1.evaluate(BlockJUnit4ClassRunner.java:100)
	at org.junit.runners.ParentRunner.runLeaf(ParentRunner.java:366)
	at org.junit.runners.BlockJUnit4ClassRunner.runChild(BlockJUnit4ClassRunner.java:103)
	at org.junit.runners.BlockJUnit4ClassRunner.runChild(BlockJUnit4ClassRunner.java:63)
	at org.junit.runners.ParentRunner$4.run(ParentRunner.java:331)
	at org.junit.runners.ParentRunner$1.schedule(ParentRunner.java:79)
	at org.junit.runners.ParentRunner.runChildren(ParentRunner.java:329)
	at org.junit.runners.ParentRunner.access$100(ParentRunner.java:66)
	at org.junit.runners.ParentRunner$2.evaluate(ParentRunner.java:293)
	at org.junit.runners.ParentRunner$3.evaluate(ParentRunner.java:306)
	at org.junit.runners.ParentRunner.run(ParentRunner.java:413)
	at org.apache.maven.surefire.junit4.JUnit4Provider.execute(JUnit4Provider.java:252)
	at org.apache.maven.surefire.junit4.JUnit4Provider.executeTestSet(JUnit4Provider.java:141)
	at org.apache.maven.surefire.junit4.JUnit4Provider.invoke(JUnit4Provider.java:112)
	at java.base/jdk.internal.reflect.NativeMethodAccessorImpl.invoke0(Native Method)
	at java.base/jdk.internal.reflect.NativeMethodAccessorImpl.invoke(NativeMethodAccessorImpl.java:64)
	at java.base/jdk.internal.reflect.DelegatingMethodAccessorImpl.invoke(DelegatingMethodAccessorImpl.java:43)
	at java.base/java.lang.reflect.Method.invoke(Method.java:564)
	at org.apache.maven.surefire.util.ReflectionUtils.invokeMethodWithArray(ReflectionUtils.java:189)
	at org.apache.maven.surefire.booter.ProviderFactory$ProviderProxy.invoke(ProviderFactory.java:165)
	at org.apache.maven.surefire.booter.ProviderFactory.invokeProvider(ProviderFactory.java:85)
	at org.apache.maven.surefire.booter.ForkedBooter.runSuitesInProcess(ForkedBooter.java:115)
	at org.apache.maven.surefire.booter.ForkedBooter.main(ForkedBooter.java:75)
</error>
  </testcase>
  <testcase classname="edu.neu.coe.info6205.HuffmanCodingTest" name="testEncode2" time="0.007">
    <error message="unknown symbol: K" type="java.lang.RuntimeException">java.lang.RuntimeException: unknown symbol: K
	at edu.neu.coe.info6205.HuffmanCoding$HuffmanEncoder.encode(HuffmanCoding.java:106)
	at edu.neu.coe.info6205.HuffmanCodingTest.testEncode2(HuffmanCodingTest.java:120)
	at java.base/jdk.internal.reflect.NativeMethodAccessorImpl.invoke0(Native Method)
	at java.base/jdk.internal.reflect.NativeMethodAccessorImpl.invoke(NativeMethodAccessorImpl.java:64)
	at java.base/jdk.internal.reflect.DelegatingMethodAccessorImpl.invoke(DelegatingMethodAccessorImpl.java:43)
	at java.base/java.lang.reflect.Method.invoke(Method.java:564)
	at org.junit.runners.model.FrameworkMethod$1.runReflectiveCall(FrameworkMethod.java:59)
	at org.junit.internal.runners.model.ReflectiveCallable.run(ReflectiveCallable.java:12)
	at org.junit.runners.model.FrameworkMethod.invokeExplosively(FrameworkMethod.java:56)
	at org.junit.internal.runners.statements.InvokeMethod.evaluate(InvokeMethod.java:17)
	at org.junit.runners.ParentRunner$3.evaluate(ParentRunner.java:306)
	at org.junit.runners.BlockJUnit4ClassRunner$1.evaluate(BlockJUnit4ClassRunner.java:100)
	at org.junit.runners.ParentRunner.runLeaf(ParentRunner.java:366)
	at org.junit.runners.BlockJUnit4ClassRunner.runChild(BlockJUnit4ClassRunner.java:103)
	at org.junit.runners.BlockJUnit4ClassRunner.runChild(BlockJUnit4ClassRunner.java:63)
	at org.junit.runners.ParentRunner$4.run(ParentRunner.java:331)
	at org.junit.runners.ParentRunner$1.schedule(ParentRunner.java:79)
	at org.junit.runners.ParentRunner.runChildren(ParentRunner.java:329)
	at org.junit.runners.ParentRunner.access$100(ParentRunner.java:66)
	at org.junit.runners.ParentRunner$2.evaluate(ParentRunner.java:293)
	at org.junit.runners.ParentRunner$3.evaluate(ParentRunner.java:306)
	at org.junit.runners.ParentRunner.run(ParentRunner.java:413)
	at org.apache.maven.surefire.junit4.JUnit4Provider.execute(JUnit4Provider.java:252)
	at org.apache.maven.surefire.junit4.JUnit4Provider.executeTestSet(JUnit4Provider.java:141)
	at org.apache.maven.surefire.junit4.JUnit4Provider.invoke(JUnit4Provider.java:112)
	at java.base/jdk.internal.reflect.NativeMethodAccessorImpl.invoke0(Native Method)
	at java.base/jdk.internal.reflect.NativeMethodAccessorImpl.invoke(NativeMethodAccessorImpl.java:64)
	at java.base/jdk.internal.reflect.DelegatingMethodAccessorImpl.invoke(DelegatingMethodAccessorImpl.java:43)
	at java.base/java.lang.reflect.Method.invoke(Method.java:564)
	at org.apache.maven.surefire.util.ReflectionUtils.invokeMethodWithArray(ReflectionUtils.java:189)
	at org.apache.maven.surefire.booter.ProviderFactory$ProviderProxy.invoke(ProviderFactory.java:165)
	at org.apache.maven.surefire.booter.ProviderFactory.invokeProvider(ProviderFactory.java:85)
	at org.apache.maven.surefire.booter.ForkedBooter.runSuitesInProcess(ForkedBooter.java:115)
	at org.apache.maven.surefire.booter.ForkedBooter.main(ForkedBooter.java:75)
</error>
    <system-out>K2H862D976CKQT97S4HQJ974DAK5CJ432SAJT86HAKTDQJT3C8SQ9753H53D842CA65P1H1SP2CP3NPPPH5H2HJHADTD2D6DKS4STSQSKD7D5DQD4D3D8D9DAH4HTH3H6DJC5C7C4SAS3S2H7C8CAC9C2S5CTC3S6HKC6H8H9SJS7CQCJS8S9CKHQnull
</system-out>
  </testcase>
  <testcase classname="edu.neu.coe.info6205.HuffmanCodingTest" name="testGenerateCode" time="0.001"/>
  <testcase classname="edu.neu.coe.info6205.HuffmanCodingTest" name="testAdd" time="0"/>
  <testcase classname="edu.neu.coe.info6205.HuffmanCodingTest" name="testCreateHuffmanCoding" time="0"/>
  <testcase classname="edu.neu.coe.info6205.HuffmanCodingTest" name="testShowTree" time="0.118">
    <failure message="expected:&lt;[  : N-2-NT-X-null-XX-9-Q-8-J-T-A-K-7-6-P-5-4-D️-1-3-S️-C️-H️-W-Z-E (319) 
    0: N-2-NT-X-null-XX-9-Q-8-J-T-A-K-7-6 (122) 
    0  0: N-2-NT-X-null-XX-9 (57) 
    0  0  0: N (28) 
    0  0  1: 2-NT-X-null-XX-9 (29) 
    0  0  1  0: 2 (14) 
    0  0  1  1: NT-X-null-XX-9 (15) 
    0  0  1  1  0: NT-X-null-XX (7) 
    0  0  1  1  0  0: NT (3) 
    0  0  1  1  0  1: X-null-XX (4) 
    0  0  1  1  0  1  0: X (2) 
    0  0  1  1  0  1  1: null-XX (2) 
    0  0  1  1  0  1  1  0: null (1) 
    0  0  1  1  0  1  1  1: XX (1) 
    0  0  1  1  1: 9 (8) 
    0  1: Q-8-J-T-A-K-7-6 (65) 
    0  1  0: Q-8-J-T (32) 
    0  1  0  0: Q-8 (16) 
    0  1  0  0  0: Q (8) 
    0  1  0  0  1: 8 (8) 
    0  1  0  1: J-T (16) 
    0  1  0  1  0: J (8) 
    0  1  0  1  1: T (8) 
    0  1  1: A-K-7-6 (33) 
    0  1  1  0: A-K (16) 
    0  1  1  0  0: A (8) 
    0  1  1  0  1: K (8) 
    0  1  1  1: 7-6 (17) 
    0  1  1  1  0: 7 (8) 
    0  1  1  1  1: 6 (9) 
    1: P-5-4-D️-1-3-S️-C️-H️-W-Z-E (197) 
    1  0: P-5-4-D️-1-3-S️ (89) 
    1  0  0: P-5-4 (41) 
    1  0  0  0: P (20) 
    1  0  0  1: 5-4 (21) 
    1  0  0  1  0: 5 (10) 
    1  0  0  1  1: 4 (11) 
    1  0  1: D️-1-3-S️ (48) 
    1  0  1  0: D️-1 (24) 
    1  0  1  0  0: D️ (12) 
    1  0  1  0  1: 1 (12) 
    1  0  1  1: 3-S️ (24) 
    1  0  1  1  0: 3 (12) 
    1  0  1  1  1: S️ (12) 
    1  1: C️-H️-W-Z-E (108) 
    1  1  0: C️-H️-W (52) 
    1  1  0  0: C️-H️ (24) 
    1  1  0  0  0: C️ (12) 
    1  1  0  0  1: H️ (12) 
    1  1  0  1: W (28) 
    1  1  1: Z-E (56) 
    1  1  1  0: Z (28) 
    1  1  1  1: E (28) 
]&gt; but was:&lt;[]&gt;" type="org.junit.ComparisonFailure">org.junit.ComparisonFailure: expected:&lt;[  : N-2-NT-X-null-XX-9-Q-8-J-T-A-K-7-6-P-5-4-D️-1-3-S️-C️-H️-W-Z-E (319) 
    0: N-2-NT-X-null-XX-9-Q-8-J-T-A-K-7-6 (122) 
    0  0: N-2-NT-X-null-XX-9 (57) 
    0  0  0: N (28) 
    0  0  1: 2-NT-X-null-XX-9 (29) 
    0  0  1  0: 2 (14) 
    0  0  1  1: NT-X-null-XX-9 (15) 
    0  0  1  1  0: NT-X-null-XX (7) 
    0  0  1  1  0  0: NT (3) 
    0  0  1  1  0  1: X-null-XX (4) 
    0  0  1  1  0  1  0: X (2) 
    0  0  1  1  0  1  1: null-XX (2) 
    0  0  1  1  0  1  1  0: null (1) 
    0  0  1  1  0  1  1  1: XX (1) 
    0  0  1  1  1: 9 (8) 
    0  1: Q-8-J-T-A-K-7-6 (65) 
    0  1  0: Q-8-J-T (32) 
    0  1  0  0: Q-8 (16) 
    0  1  0  0  0: Q (8) 
    0  1  0  0  1: 8 (8) 
    0  1  0  1: J-T (16) 
    0  1  0  1  0: J (8) 
    0  1  0  1  1: T (8) 
    0  1  1: A-K-7-6 (33) 
    0  1  1  0: A-K (16) 
    0  1  1  0  0: A (8) 
    0  1  1  0  1: K (8) 
    0  1  1  1: 7-6 (17) 
    0  1  1  1  0: 7 (8) 
    0  1  1  1  1: 6 (9) 
    1: P-5-4-D️-1-3-S️-C️-H️-W-Z-E (197) 
    1  0: P-5-4-D️-1-3-S️ (89) 
    1  0  0: P-5-4 (41) 
    1  0  0  0: P (20) 
    1  0  0  1: 5-4 (21) 
    1  0  0  1  0: 5 (10) 
    1  0  0  1  1: 4 (11) 
    1  0  1: D️-1-3-S️ (48) 
    1  0  1  0: D️-1 (24) 
    1  0  1  0  0: D️ (12) 
    1  0  1  0  1: 1 (12) 
    1  0  1  1: 3-S️ (24) 
    1  0  1  1  0: 3 (12) 
    1  0  1  1  1: S️ (12) 
    1  1: C️-H️-W-Z-E (108) 
    1  1  0: C️-H️-W (52) 
    1  1  0  0: C️-H️ (24) 
    1  1  0  0  0: C️ (12) 
    1  1  0  0  1: H️ (12) 
    1  1  0  1: W (28) 
    1  1  1: Z-E (56) 
    1  1  1  0: Z (28) 
    1  1  1  1: E (28) 
]&gt; but was:&lt;[]&gt;
	at org.junit.Assert.assertEquals(Assert.java:117)
	at org.junit.Assert.assertEquals(Assert.java:146)
	at edu.neu.coe.info6205.HuffmanCodingTest.testShowTree(HuffmanCodingTest.java:42)
	at java.base/jdk.internal.reflect.NativeMethodAccessorImpl.invoke0(Native Method)
	at java.base/jdk.internal.reflect.NativeMethodAccessorImpl.invoke(NativeMethodAccessorImpl.java:64)
	at java.base/jdk.internal.reflect.DelegatingMethodAccessorImpl.invoke(DelegatingMethodAccessorImpl.java:43)
	at java.base/java.lang.reflect.Method.invoke(Method.java:564)
	at org.junit.runners.model.FrameworkMethod$1.runReflectiveCall(FrameworkMethod.java:59)
	at org.junit.internal.runners.model.ReflectiveCallable.run(ReflectiveCallable.java:12)
	at org.junit.runners.model.FrameworkMethod.invokeExplosively(FrameworkMethod.java:56)
	at org.junit.internal.runners.statements.InvokeMethod.evaluate(InvokeMethod.java:17)
	at org.junit.runners.ParentRunner$3.evaluate(ParentRunner.java:306)
	at org.junit.runners.BlockJUnit4ClassRunner$1.evaluate(BlockJUnit4ClassRunner.java:100)
	at org.junit.runners.ParentRunner.runLeaf(ParentRunner.java:366)
	at org.junit.runners.BlockJUnit4ClassRunner.runChild(BlockJUnit4ClassRunner.java:103)
	at org.junit.runners.BlockJUnit4ClassRunner.runChild(BlockJUnit4ClassRunner.java:63)
	at org.junit.runners.ParentRunner$4.run(ParentRunner.java:331)
	at org.junit.runners.ParentRunner$1.schedule(ParentRunner.java:79)
	at org.junit.runners.ParentRunner.runChildren(ParentRunner.java:329)
	at org.junit.runners.ParentRunner.access$100(ParentRunner.java:66)
	at org.junit.runners.ParentRunner$2.evaluate(ParentRunner.java:293)
	at org.junit.runners.ParentRunner$3.evaluate(ParentRunner.java:306)
	at org.junit.runners.ParentRunner.run(ParentRunner.java:413)
	at org.apache.maven.surefire.junit4.JUnit4Provider.execute(JUnit4Provider.java:252)
	at org.apache.maven.surefire.junit4.JUnit4Provider.executeTestSet(JUnit4Provider.java:141)
	at org.apache.maven.surefire.junit4.JUnit4Provider.invoke(JUnit4Provider.java:112)
	at java.base/jdk.internal.reflect.NativeMethodAccessorImpl.invoke0(Native Method)
	at java.base/jdk.internal.reflect.NativeMethodAccessorImpl.invoke(NativeMethodAccessorImpl.java:64)
	at java.base/jdk.internal.reflect.DelegatingMethodAccessorImpl.invoke(DelegatingMethodAccessorImpl.java:43)
	at java.base/java.lang.reflect.Method.invoke(Method.java:564)
	at org.apache.maven.surefire.util.ReflectionUtils.invokeMethodWithArray(ReflectionUtils.java:189)
	at org.apache.maven.surefire.booter.ProviderFactory$ProviderProxy.invoke(ProviderFactory.java:165)
	at org.apache.maven.surefire.booter.ProviderFactory.invokeProvider(ProviderFactory.java:85)
	at org.apache.maven.surefire.booter.ForkedBooter.runSuitesInProcess(ForkedBooter.java:115)
	at org.apache.maven.surefire.booter.ForkedBooter.main(ForkedBooter.java:75)
</failure>
  </testcase>
  <testcase classname="edu.neu.coe.info6205.HuffmanCodingTest" name="testDecode1" time="0.01"/>
  <testcase classname="edu.neu.coe.info6205.HuffmanCodingTest" name="testDecode2" time="0.012">
    <failure message="expected:&lt;[W]&gt; but was:&lt;[]&gt;" type="org.junit.ComparisonFailure">org.junit.ComparisonFailure: expected:&lt;[W]&gt; but was:&lt;[]&gt;
	at org.junit.Assert.assertEquals(Assert.java:117)
	at org.junit.Assert.assertEquals(Assert.java:146)
	at edu.neu.coe.info6205.HuffmanCodingTest.testDecode2(HuffmanCodingTest.java:153)
	at java.base/jdk.internal.reflect.NativeMethodAccessorImpl.invoke0(Native Method)
	at java.base/jdk.internal.reflect.NativeMethodAccessorImpl.invoke(NativeMethodAccessorImpl.java:64)
	at java.base/jdk.internal.reflect.DelegatingMethodAccessorImpl.invoke(DelegatingMethodAccessorImpl.java:43)
	at java.base/java.lang.reflect.Method.invoke(Method.java:564)
	at org.junit.runners.model.FrameworkMethod$1.runReflectiveCall(FrameworkMethod.java:59)
	at org.junit.internal.runners.model.ReflectiveCallable.run(ReflectiveCallable.java:12)
	at org.junit.runners.model.FrameworkMethod.invokeExplosively(FrameworkMethod.java:56)
	at org.junit.internal.runners.statements.InvokeMethod.evaluate(InvokeMethod.java:17)
	at org.junit.runners.ParentRunner$3.evaluate(ParentRunner.java:306)
	at org.junit.runners.BlockJUnit4ClassRunner$1.evaluate(BlockJUnit4ClassRunner.java:100)
	at org.junit.runners.ParentRunner.runLeaf(ParentRunner.java:366)
	at org.junit.runners.BlockJUnit4ClassRunner.runChild(BlockJUnit4ClassRunner.java:103)
	at org.junit.runners.BlockJUnit4ClassRunner.runChild(BlockJUnit4ClassRunner.java:63)
	at org.junit.runners.ParentRunner$4.run(ParentRunner.java:331)
	at org.junit.runners.ParentRunner$1.schedule(ParentRunner.java:79)
	at org.junit.runners.ParentRunner.runChildren(ParentRunner.java:329)
	at org.junit.runners.ParentRunner.access$100(ParentRunner.java:66)
	at org.junit.runners.ParentRunner$2.evaluate(ParentRunner.java:293)
	at org.junit.runners.ParentRunner$3.evaluate(ParentRunner.java:306)
	at org.junit.runners.ParentRunner.run(ParentRunner.java:413)
	at org.apache.maven.surefire.junit4.JUnit4Provider.execute(JUnit4Provider.java:252)
	at org.apache.maven.surefire.junit4.JUnit4Provider.executeTestSet(JUnit4Provider.java:141)
	at org.apache.maven.surefire.junit4.JUnit4Provider.invoke(JUnit4Provider.java:112)
	at java.base/jdk.internal.reflect.NativeMethodAccessorImpl.invoke0(Native Method)
	at java.base/jdk.internal.reflect.NativeMethodAccessorImpl.invoke(NativeMethodAccessorImpl.java:64)
	at java.base/jdk.internal.reflect.DelegatingMethodAccessorImpl.invoke(DelegatingMethodAccessorImpl.java:43)
	at java.base/java.lang.reflect.Method.invoke(Method.java:564)
	at org.apache.maven.surefire.util.ReflectionUtils.invokeMethodWithArray(ReflectionUtils.java:189)
	at org.apache.maven.surefire.booter.ProviderFactory$ProviderProxy.invoke(ProviderFactory.java:165)
	at org.apache.maven.surefire.booter.ProviderFactory.invokeProvider(ProviderFactory.java:85)
	at org.apache.maven.surefire.booter.ForkedBooter.runSuitesInProcess(ForkedBooter.java:115)
	at org.apache.maven.surefire.booter.ForkedBooter.main(ForkedBooter.java:75)
</failure>
  </testcase>
  <testcase classname="edu.neu.coe.info6205.HuffmanCodingTest" name="testParseLin" time="0"/>
</testsuite>